-------------------------------------------------------------------------------
Test set: com.arise.junit.Testcalculator
-------------------------------------------------------------------------------
Tests run: 6, Failures: 6, Errors: 0, Skipped: 0, Time elapsed: 0.007 sec <<< FAILURE!
com.arise.junit.Testcalculator.testMultiplyWithZero()  Time elapsed: 0.003 sec  <<< FAILURE!
java.lang.NoClassDefFoundError: org/junit/Assert
	at com.arise.junit.Testcalculator.testMultiplyWithZero(Testcalculator.java:55)
Caused by: java.lang.ClassNotFoundException: org.junit.Assert
	at java.net.URLClassLoader.findClass(Unknown Source)
	at java.lang.ClassLoader.loadClass(Unknown Source)
	at sun.misc.Launcher$AppClassLoader.loadClass(Unknown Source)
	at java.lang.ClassLoader.loadClass(Unknown Source)
	... 19 more

com.arise.junit.Testcalculator.testSubtract()  Time elapsed: 0 sec  <<< FAILURE!
java.lang.NoClassDefFoundError: org/junit/Assert
	at com.arise.junit.Testcalculator.testSubtract(Testcalculator.java:37)

com.arise.junit.Testcalculator.testDivide()  Time elapsed: 0.001 sec  <<< FAILURE!
java.lang.NoClassDefFoundError: org/junit/Assert
	at com.arise.junit.Testcalculator.testDivide(Testcalculator.java:67)

com.arise.junit.Testcalculator.testMultiplyy()  Time elapsed: 0 sec  <<< FAILURE!
java.lang.NoClassDefFoundError: org/junit/Assert
	at com.arise.junit.Testcalculator.testMultiplyy(Testcalculator.java:49)

com.arise.junit.Testcalculator.testAdd()  Time elapsed: 0.001 sec  <<< FAILURE!
java.lang.NoClassDefFoundError: org/junit/Assert
	at com.arise.junit.Testcalculator.testAdd(Testcalculator.java:29)

com.arise.junit.Testcalculator.testMultiply()  Time elapsed: 0 sec  <<< FAILURE!
java.lang.NoClassDefFoundError: org/junit/Assert
	at com.arise.junit.Testcalculator.testMultiply(Testcalculator.java:44)

